#
# A fatal error has been detected by the Java Runtime Environment:
#
#  EXCEPTION_ACCESS_VIOLATION (0xc0000005) at pc=0x000000005b0a248b, pid=9324, tid=19348
#
# JRE version: Java(TM) SE Runtime Environment (7.0_45-b18) (build 1.7.0_45-b18)
# Java VM: Java HotSpot(TM) 64-Bit Server VM (24.45-b08 mixed mode windows-amd64 compressed oops)
# Problematic frame:
# V  [jvm.dll+0x14248b]
#
# Failed to write core dump. Minidumps are not enabled by default on client versions of Windows
#
# If you would like to submit a bug report, please visit:
#   http://bugreport.sun.com/bugreport/crash.jsp
#

---------------  T H R E A D  ---------------

Current thread (0x0000000007e9c800):  JavaThread "*** Profiler Agent Communication Thread" daemon [_thread_in_vm, id=19348, stack(0x000000000a470000,0x000000000a570000)]

siginfo: ExceptionCode=0xc0000005, reading address 0x00000000170361c7

Registers:
RAX=0x000000000a56f401, RBX=0x0000000007e9c800, RCX=0x00000000170361c7, RDX=0x0000000000000000
RSP=0x000000000a56f460, RBP=0x0000000002ef9fd0, RSI=0x00000000170361c7, RDI=0x000000000a56f580
R8 =0x0000000007e9c800, R9 =0x0000000000000003, R10=0x000000000141e820, R11=0x0000000000000000
R12=0x000000000141e330, R13=0x000000000000004e, R14=0x00000000100086a0, R15=0x0000000007e9c800
RIP=0x000000005b0a248b, EFLAGS=0x0000000000010202

Top of Stack: (sp=0x000000000a56f460)
0x000000000a56f460:   00000000db1c4de0 0000000000000000
0x000000000a56f470:   0000000007e9c800 000000000a56f628
0x000000000a56f480:   0000000007e9c800 000000005b25c57b
0x000000000a56f490:   0000000000000924 00000000db41bd88
0x000000000a56f4a0:   0000000007e9c9e8 00007ffb30d79a00
0x000000000a56f4b0:   0000000007e9c800 0000000000000000
0x000000000a56f4c0:   0000000000000000 0000000000000000
0x000000000a56f4d0:   00000000170361c7 0000000010003502
0x000000000a56f4e0:   0000000000000000 0000000007e9c9e8
0x000000000a56f4f0:   00000000db41bd88 000000000a56f620
0x000000000a56f500:   000000000141e330 000000000a56f560
0x000000000a56f510:   0000000007e9c800 000000005b023e18
0x000000000a56f520:   0000000007e8e7b8 0000000000000000
0x000000000a56f530:   000000000a56f548 0000000007e9c800
0x000000000a56f540:   000000000a56f628 00000000db20a930
0x000000000a56f550:   0000000000000000 0000000002f06215 

Instructions: (pc=0x000000005b0a248b)
0x000000005b0a246b:   48 8b 5c 24 30 48 89 47 18 48 83 c4 20 5f c3 cc
0x000000005b0a247b:   cc cc cc cc cc 40 53 48 83 ec 20 48 85 c9 74 54
0x000000005b0a248b:   48 8b 19 48 85 db 74 4c 48 b8 fe fe fe fe fe fe
0x000000005b0a249b:   fe fe 48 3b d8 74 3d 80 3d 8f 87 60 00 00 74 15 


Register to memory mapping:

RAX=0x000000000a56f401 is pointing into the stack for thread: 0x0000000007e9c800
RBX=0x0000000007e9c800 is a thread
RCX=0x00000000170361c7 is an unknown value
RDX=0x0000000000000000 is an unknown value
RSP=0x000000000a56f460 is pointing into the stack for thread: 0x0000000007e9c800
RBP=0x0000000002ef9fd0 is an unknown value
RSI=0x00000000170361c7 is an unknown value
RDI=0x000000000a56f580 is pointing into the stack for thread: 0x0000000007e9c800
R8 =0x0000000007e9c800 is a thread
R9 =0x0000000000000003 is an unknown value
R10=0x000000000141e820 is an unknown value
R11=0x0000000000000000 is an unknown value
R12=0x000000000141e330 is an unknown value
R13=0x000000000000004e is an unknown value
R14=0x00000000100086a0 is an unknown value
R15=0x0000000007e9c800 is a thread


Stack: [0x000000000a470000,0x000000000a570000],  sp=0x000000000a56f460,  free space=1021k
Native frames: (J=compiled Java code, j=interpreted, Vv=VM code, C=native code)
V  [jvm.dll+0x14248b]

Java frames: (J=compiled Java code, j=interpreted, Vv=VM code)
j  org.netbeans.lib.profiler.server.system.Stacks.getMethodNamesForJMethodIds(I[I[I)[B+0
j  org.netbeans.lib.profiler.server.ProfilerInterface.getMethodNamesForJMethodIds([I)Lorg/netbeans/lib/profiler/wireprotocol/MethodNamesResponse;+18
j  org.netbeans.lib.profiler.server.ProfilerServer.handleClientCommand(Lorg/netbeans/lib/profiler/wireprotocol/Command;)V+675
j  org.netbeans.lib.profiler.server.ProfilerServer.listenToClient()V+48
j  org.netbeans.lib.profiler.server.ProfilerServer.run()V+22
v  ~StubRoutines::call_stub

---------------  P R O C E S S  ---------------

Java Threads: ( => current thread )
  0x000000000a0ec800 JavaThread "Thread-12" [_thread_blocked, id=3716, stack(0x000000000b7e0000,0x000000000b8e0000)]
  0x000000000a0d9000 JavaThread "Thread-7" [_thread_blocked, id=10836, stack(0x000000000b2e0000,0x000000000b3e0000)]
  0x0000000009fe7000 JavaThread "Service Thread" daemon [_thread_blocked, id=13480, stack(0x000000000afe0000,0x000000000b0e0000)]
  0x0000000009fe6000 JavaThread "C2 CompilerThread1" daemon [_thread_blocked, id=15768, stack(0x000000000aee0000,0x000000000afe0000)]
  0x0000000009fe5000 JavaThread "C2 CompilerThread0" daemon [_thread_blocked, id=12228, stack(0x000000000ade0000,0x000000000aee0000)]
  0x0000000009fe1000 JavaThread "*** Profiler Agent Special Execution Thread 10" daemon [_thread_blocked, id=12824, stack(0x000000000ace0000,0x000000000ade0000)]
  0x0000000009f3f000 JavaThread "*** Profiler Agent Special Execution Thread 6" daemon [_thread_blocked, id=5908, stack(0x000000000a670000,0x000000000a770000)]
  0x0000000009f3c000 JavaThread "*** JFluid Monitor thread ***" daemon [_thread_blocked, id=14376, stack(0x000000000a570000,0x000000000a670000)]
=>0x0000000007e9c800 JavaThread "*** Profiler Agent Communication Thread" daemon [_thread_in_vm, id=19348, stack(0x000000000a470000,0x000000000a570000)]
  0x0000000007e90000 JavaThread "Attach Listener" daemon [_thread_blocked, id=4368, stack(0x000000000a370000,0x000000000a470000)]
  0x0000000009e90800 JavaThread "Signal Dispatcher" daemon [_thread_blocked, id=18608, stack(0x000000000a270000,0x000000000a370000)]
  0x0000000007e88000 JavaThread "Finalizer" daemon [_thread_blocked, id=8016, stack(0x0000000009d50000,0x0000000009e50000)]
  0x0000000007e84800 JavaThread "Reference Handler" daemon [_thread_blocked, id=9516, stack(0x0000000009c50000,0x0000000009d50000)]
  0x0000000002d32800 JavaThread "main" [_thread_blocked, id=5892, stack(0x0000000002bc0000,0x0000000002cc0000)]

Other Threads:
  0x0000000007e82800 VMThread [stack: 0x0000000009b50000,0x0000000009c50000] [id=12760]
  0x000000000a00d800 WatcherThread [stack: 0x000000000b0e0000,0x000000000b1e0000] [id=12236]

VM state:synchronizing (normal execution)

VM Mutex/Monitor currently owned by a thread:  ([mutex/lock_event])
[0x0000000002efd680] Threads_lock - owner thread: 0x0000000007e82800
[0x0000000002efdd80] Heap_lock - owner thread: 0x000000000a0ec800

Heap
 PSYoungGen      total 171008K, used 168256K [0x00000000f5500000, 0x0000000100000000, 0x0000000100000000)
  eden space 166912K, 100% used [0x00000000f5500000,0x00000000ff800000,0x00000000ff800000)
  from space 4096K, 32% used [0x00000000ffc00000,0x00000000ffd50000,0x0000000100000000)
  to   space 4096K, 0% used [0x00000000ff800000,0x00000000ff800000,0x00000000ffc00000)
 ParOldGen       total 171520K, used 5823K [0x00000000e0000000, 0x00000000ea780000, 0x00000000f5500000)
  object space 171520K, 3% used [0x00000000e0000000,0x00000000e05afde8,0x00000000ea780000)
 PSPermGen       total 21504K, used 6264K [0x00000000dae00000, 0x00000000dc300000, 0x00000000e0000000)
  object space 21504K, 29% used [0x00000000dae00000,0x00000000db41e258,0x00000000dc300000)

Card table byte_map: [0x0000000005f00000,0x0000000006030000] byte_map_base: 0x0000000005829000

Polling page: 0x0000000001400000

Code Cache  [0x0000000002f00000, 0x0000000003170000, 0x0000000005f00000)
 total_blobs=282 nmethods=14 adapters=220 free_code_cache=48707Kb largest_free_block=49863616

Compilation events (10 events):
Event: 1.143 Thread 0x0000000009fe6000   10 %           gr.ait.tlop.DLPThread::run @ 82 (207 bytes)
Event: 1.149 Thread 0x0000000009fe6000 nmethod 10% 0x0000000002f6ee50 code [0x0000000002f6efe0, 0x0000000002f6f3b8]
Event: 2.375 Thread 0x0000000009fe5000   11             org.netbeans.lib.profiler.server.ThreadInfo::isProfilerServerThread (36 bytes)
Event: 2.381 Thread 0x0000000009fe5000 nmethod 11 0x0000000002f6c410 code [0x0000000002f6c540, 0x0000000002f6c678]
Event: 3.406 Thread 0x0000000009fe6000   12             java.util.HashMap::indexFor (6 bytes)
Event: 3.407 Thread 0x0000000009fe6000 nmethod 12 0x0000000002f6d750 code [0x0000000002f6d880, 0x0000000002f6d8b8]
Event: 3.531 Thread 0x0000000009fe5000   13             java.util.HashMap::hash (55 bytes)
Event: 3.534 Thread 0x0000000009fe5000 nmethod 13 0x0000000002f6c050 code [0x0000000002f6c1a0, 0x0000000002f6c2c8]
Event: 4.375 Thread 0x0000000009fe6000   14             java.lang.Long::hashCode (14 bytes)
Event: 4.376 Thread 0x0000000009fe6000 nmethod 14 0x0000000002f6b6d0 code [0x0000000002f6b800, 0x0000000002f6b858]

GC Heap History (10 events):
Event: 4.856 GC heap before
{Heap before GC invocations=184 (full 0):
 PSYoungGen      total 171520K, used 170432K [0x00000000f5500000, 0x0000000100000000, 0x0000000100000000)
  eden space 167936K, 100% used [0x00000000f5500000,0x00000000ff900000,0x00000000ff900000)
  from space 3584K, 69% used [0x00000000ff900000,0x00000000ffb70000,0x00000000ffc80000)
  to   space 3584K, 0% used [0x00000000ffc80000,0x00000000ffc80000,0x0000000100000000)
 ParOldGen       total 171520K, used 4575K [0x00000000e0000000, 0x00000000ea780000, 0x00000000f5500000)
  object space 171520K, 2% used [0x00000000e0000000,0x00000000e0477de8,0x00000000ea780000)
 PSPermGen       total 21504K, used 6264K [0x00000000dae00000, 0x00000000dc300000, 0x00000000e0000000)
  object space 21504K, 29% used [0x00000000dae00000,0x00000000db41e258,0x00000000dc300000)
Event: 4.858 GC heap after
Heap after GC invocations=184 (full 0):
 PSYoungGen      total 171520K, used 2496K [0x00000000f5500000, 0x0000000100000000, 0x0000000100000000)
  eden space 167936K, 0% used [0x00000000f5500000,0x00000000f5500000,0x00000000ff900000)
  from space 3584K, 69% used [0x00000000ffc80000,0x00000000ffef0000,0x0000000100000000)
  to   space 3584K, 0% used [0x00000000ff900000,0x00000000ff900000,0x00000000ffc80000)
 ParOldGen       total 171520K, used 4575K [0x00000000e0000000, 0x00000000ea780000, 0x00000000f5500000)
  object space 171520K, 2% used [0x00000000e0000000,0x00000000e0477de8,0x00000000ea780000)
 PSPermGen       total 21504K, used 6264K [0x00000000dae00000, 0x00000000dc300000, 0x00000000e0000000)
  object space 21504K, 29% used [0x00000000dae00000,0x00000000db41e258,0x00000000dc300000)
}
Event: 4.876 GC heap before
{Heap before GC invocations=185 (full 0):
 PSYoungGen      total 171520K, used 170432K [0x00000000f5500000, 0x0000000100000000, 0x0000000100000000)
  eden space 167936K, 100% used [0x00000000f5500000,0x00000000ff900000,0x00000000ff900000)
  from space 3584K, 69% used [0x00000000ffc80000,0x00000000ffef0000,0x0000000100000000)
  to   space 3584K, 0% used [0x00000000ff900000,0x00000000ff900000,0x00000000ffc80000)
 ParOldGen       total 171520K, used 4575K [0x00000000e0000000, 0x00000000ea780000, 0x00000000f5500000)
  object space 171520K, 2% used [0x00000000e0000000,0x00000000e0477de8,0x00000000ea780000)
 PSPermGen       total 21504K, used 6264K [0x00000000dae00000, 0x00000000dc300000, 0x00000000e0000000)
  object space 21504K, 29% used [0x00000000dae00000,0x00000000db41e258,0x00000000dc300000)
Event: 4.878 GC heap after
Heap after GC invocations=185 (full 0):
 PSYoungGen      total 171520K, used 2464K [0x00000000f5500000, 0x0000000100000000, 0x0000000100000000)
  eden space 167936K, 0% used [0x00000000f5500000,0x00000000f5500000,0x00000000ff900000)
  from space 3584K, 68% used [0x00000000ff900000,0x00000000ffb68000,0x00000000ffc80000)
  to   space 3584K, 0% used [0x00000000ffc80000,0x00000000ffc80000,0x0000000100000000)
 ParOldGen       total 171520K, used 4575K [0x00000000e0000000, 0x00000000ea780000, 0x00000000f5500000)
  object space 171520K, 2% used [0x00000000e0000000,0x00000000e0477de8,0x00000000ea780000)
 PSPermGen       total 21504K, used 6264K [0x00000000dae00000, 0x00000000dc300000, 0x00000000e0000000)
  object space 21504K, 29% used [0x00000000dae00000,0x00000000db41e258,0x00000000dc300000)
}
Event: 4.897 GC heap before
{Heap before GC invocations=186 (full 0):
 PSYoungGen      total 171520K, used 170400K [0x00000000f5500000, 0x0000000100000000, 0x0000000100000000)
  eden space 167936K, 100% used [0x00000000f5500000,0x00000000ff900000,0x00000000ff900000)
  from space 3584K, 68% used [0x00000000ff900000,0x00000000ffb68000,0x00000000ffc80000)
  to   space 3584K, 0% used [0x00000000ffc80000,0x00000000ffc80000,0x0000000100000000)
 ParOldGen       total 171520K, used 4575K [0x00000000e0000000, 0x00000000ea780000, 0x00000000f5500000)
  object space 171520K, 2% used [0x00000000e0000000,0x00000000e0477de8,0x00000000ea780000)
 PSPermGen       total 21504K, used 6264K [0x00000000dae00000, 0x00000000dc300000, 0x00000000e0000000)
  object space 21504K, 29% used [0x00000000dae00000,0x00000000db41e258,0x00000000dc300000)
Event: 4.899 GC heap after
Heap after GC invocations=186 (full 0):
 PSYoungGen      total 170496K, used 2080K [0x00000000f5500000, 0x0000000100000000, 0x0000000100000000)
  eden space 166912K, 0% used [0x00000000f5500000,0x00000000f5500000,0x00000000ff800000)
  from space 3584K, 58% used [0x00000000ffc80000,0x00000000ffe88000,0x0000000100000000)
  to   space 4096K, 0% used [0x00000000ff800000,0x00000000ff800000,0x00000000ffc00000)
 ParOldGen       total 171520K, used 4991K [0x00000000e0000000, 0x00000000ea780000, 0x00000000f5500000)
  object space 171520K, 2% used [0x00000000e0000000,0x00000000e04dfde8,0x00000000ea780000)
 PSPermGen       total 21504K, used 6264K [0x00000000dae00000, 0x00000000dc300000, 0x00000000e0000000)
  object space 21504K, 29% used [0x00000000dae00000,0x00000000db41e258,0x00000000dc300000)
}
Event: 4.921 GC heap before
{Heap before GC invocations=187 (full 0):
 PSYoungGen      total 170496K, used 168992K [0x00000000f5500000, 0x0000000100000000, 0x0000000100000000)
  eden space 166912K, 100% used [0x00000000f5500000,0x00000000ff800000,0x00000000ff800000)
  from space 3584K, 58% used [0x00000000ffc80000,0x00000000ffe88000,0x0000000100000000)
  to   space 4096K, 0% used [0x00000000ff800000,0x00000000ff800000,0x00000000ffc00000)
 ParOldGen       total 171520K, used 4991K [0x00000000e0000000, 0x00000000ea780000, 0x00000000f5500000)
  object space 171520K, 2% used [0x00000000e0000000,0x00000000e04dfde8,0x00000000ea780000)
 PSPermGen       total 21504K, used 6264K [0x00000000dae00000, 0x00000000dc300000, 0x00000000e0000000)
  object space 21504K, 29% used [0x00000000dae00000,0x00000000db41e258,0x00000000dc300000)
Event: 4.923 GC heap after
Heap after GC invocations=187 (full 0):
 PSYoungGen      total 171008K, used 1664K [0x00000000f5500000, 0x0000000100000000, 0x0000000100000000)
  eden space 166912K, 0% used [0x00000000f5500000,0x00000000f5500000,0x00000000ff800000)
  from space 4096K, 40% used [0x00000000ff800000,0x00000000ff9a0000,0x00000000ffc00000)
  to   space 4096K, 0% used [0x00000000ffc00000,0x00000000ffc00000,0x0000000100000000)
 ParOldGen       total 171520K, used 5399K [0x00000000e0000000, 0x00000000ea780000, 0x00000000f5500000)
  object space 171520K, 3% used [0x00000000e0000000,0x00000000e0545de8,0x00000000ea780000)
 PSPermGen       total 21504K, used 6264K [0x00000000dae00000, 0x00000000dc300000, 0x00000000e0000000)
  object space 21504K, 29% used [0x00000000dae00000,0x00000000db41e258,0x00000000dc300000)
}
Event: 4.941 GC heap before
{Heap before GC invocations=188 (full 0):
 PSYoungGen      total 171008K, used 168576K [0x00000000f5500000, 0x0000000100000000, 0x0000000100000000)
  eden space 166912K, 100% used [0x00000000f5500000,0x00000000ff800000,0x00000000ff800000)
  from space 4096K, 40% used [0x00000000ff800000,0x00000000ff9a0000,0x00000000ffc00000)
  to   space 4096K, 0% used [0x00000000ffc00000,0x00000000ffc00000,0x0000000100000000)
 ParOldGen       total 171520K, used 5399K [0x00000000e0000000, 0x00000000ea780000, 0x00000000f5500000)
  object space 171520K, 3% used [0x00000000e0000000,0x00000000e0545de8,0x00000000ea780000)
 PSPermGen       total 21504K, used 6264K [0x00000000dae00000, 0x00000000dc300000, 0x00000000e0000000)
  object space 21504K, 29% used [0x00000000dae00000,0x00000000db41e258,0x00000000dc300000)
Event: 4.943 GC heap after
Heap after GC invocations=188 (full 0):
 PSYoungGen      total 171008K, used 1344K [0x00000000f5500000, 0x0000000100000000, 0x0000000100000000)
  eden space 166912K, 0% used [0x00000000f5500000,0x00000000f5500000,0x00000000ff800000)
  from space 4096K, 32% used [0x00000000ffc00000,0x00000000ffd50000,0x0000000100000000)
  to   space 4096K, 0% used [0x00000000ff800000,0x00000000ff800000,0x00000000ffc00000)
 ParOldGen       total 171520K, used 5823K [0x00000000e0000000, 0x00000000ea780000, 0x00000000f5500000)
  object space 171520K, 3% used [0x00000000e0000000,0x00000000e05afde8,0x00000000ea780000)
 PSPermGen       total 21504K, used 6264K [0x00000000dae00000, 0x00000000dc300000, 0x00000000e0000000)
  object space 21504K, 29% used [0x00000000dae00000,0x00000000db41e258,0x00000000dc300000)
}

Deoptimization events (0 events):
No events

Internal exceptions (10 events):
Event: 0.568 Thread 0x0000000002d32800 Threw 0x00000000f58dbf18 at C:\re\jdk7u45\229\hotspot\src\share\vm\interpreter\interpreterRuntime.cpp:347
Event: 0.574 Thread 0x0000000002d32800 Threw 0x00000000f5900328 at C:\re\jdk7u45\229\hotspot\src\share\vm\interpreter\interpreterRuntime.cpp:347
Event: 0.579 Thread 0x0000000002d32800 Threw 0x00000000f590e7e0 at C:\re\jdk7u45\229\hotspot\src\share\vm\interpreter\interpreterRuntime.cpp:347
Event: 1.096 Thread 0x0000000002d32800 Threw 0x00000000f591cc78 at C:\re\jdk7u45\229\hotspot\src\share\vm\prims\jvm.cpp:1244
Event: 1.102 Thread 0x0000000002d32800 Threw 0x00000000f5922250 at C:\re\jdk7u45\229\hotspot\src\share\vm\prims\jvm.cpp:1244
Event: 1.103 Thread 0x0000000002d32800 Threw 0x00000000f59247a0 at C:\re\jdk7u45\229\hotspot\src\share\vm\prims\jvm.cpp:1244
Event: 1.105 Thread 0x0000000002d32800 Threw 0x00000000f5926210 at C:\re\jdk7u45\229\hotspot\src\share\vm\prims\jvm.cpp:1244
Event: 1.106 Thread 0x0000000002d32800 Threw 0x00000000f5928248 at C:\re\jdk7u45\229\hotspot\src\share\vm\prims\jvm.cpp:1244
Event: 1.107 Thread 0x0000000002d32800 Threw 0x00000000f592a6d0 at C:\re\jdk7u45\229\hotspot\src\share\vm\prims\jvm.cpp:1244
Event: 1.117 Thread 0x000000000a0d8800 Threw 0x00000000f5f183f8 at C:\re\jdk7u45\229\hotspot\src\share\vm\prims\jvm.cpp:1244

Events (10 events):
Event: 4.923 Executing VM operation: GetAllStackTraces
Event: 4.923 Executing VM operation: GetAllStackTraces done
Event: 4.937 Executing VM operation: GetAllStackTraces
Event: 4.937 Executing VM operation: GetAllStackTraces done
Event: 4.941 Executing VM operation: ParallelGCFailedAllocation
Event: 4.943 Executing VM operation: ParallelGCFailedAllocation done
Event: 4.953 Executing VM operation: GetAllStackTraces
Event: 4.953 Executing VM operation: GetAllStackTraces done
Event: 4.956 Thread 0x000000000a0e1000 Thread exited: 0x000000000a0e1000
Event: 4.967 Executing VM operation: ParallelGCFailedAllocation


Dynamic libraries:
0x00007ff7e8e40000 - 0x00007ff7e8e73000 	C:\Program Files\Java\jdk1.7.0_45\bin\java.exe
0x00007ffb33080000 - 0x00007ffb3325b000 	C:\WINDOWS\SYSTEM32\ntdll.dll
0x00007ffb30930000 - 0x00007ffb309de000 	C:\WINDOWS\System32\KERNEL32.DLL
0x00007ffb2f760000 - 0x00007ffb2f9a9000 	C:\WINDOWS\System32\KERNELBASE.dll
0x00007ffb307c0000 - 0x00007ffb30861000 	C:\WINDOWS\System32\ADVAPI32.dll
0x00007ffb30d60000 - 0x00007ffb30dfd000 	C:\WINDOWS\System32\msvcrt.dll
0x00007ffb30870000 - 0x00007ffb308c9000 	C:\WINDOWS\System32\sechost.dll
0x00007ffb305c0000 - 0x00007ffb306e5000 	C:\WINDOWS\System32\RPCRT4.dll
0x00007ffb32e20000 - 0x00007ffb32f6a000 	C:\WINDOWS\System32\USER32.dll
0x00007ffb2fbc0000 - 0x00007ffb2fbde000 	C:\WINDOWS\System32\win32u.dll
0x00007ffb31450000 - 0x00007ffb31477000 	C:\WINDOWS\System32\GDI32.dll
0x00007ffb2f580000 - 0x00007ffb2f708000 	C:\WINDOWS\System32\gdi32full.dll
0x00007ffb30350000 - 0x00007ffb303ea000 	C:\WINDOWS\System32\msvcp_win.dll
0x00007ffb2fac0000 - 0x00007ffb2fbb6000 	C:\WINDOWS\System32\ucrtbase.dll
0x00007ffb2e3c0000 - 0x00007ffb2e627000 	C:\WINDOWS\WinSxS\amd64_microsoft.windows.common-controls_6595b64144ccf1df_6.0.15063.483_none_26002d27e7c744a2\COMCTL32.dll
0x00007ffb309e0000 - 0x00007ffb30cd9000 	C:\WINDOWS\System32\combase.dll
0x00007ffb302e0000 - 0x00007ffb3034a000 	C:\WINDOWS\System32\bcryptPrimitives.dll
0x00007ffb32d30000 - 0x00007ffb32d5d000 	C:\WINDOWS\System32\IMM32.DLL
0x000000005bca0000 - 0x000000005bd72000 	C:\Program Files\Java\jdk1.7.0_45\jre\bin\msvcr100.dll
0x000000005af60000 - 0x000000005b729000 	C:\Program Files\Java\jdk1.7.0_45\jre\bin\server\jvm.dll
0x00007ffb329a0000 - 0x00007ffb329a8000 	C:\WINDOWS\System32\PSAPI.DLL
0x00007ffb22d60000 - 0x00007ffb22d69000 	C:\WINDOWS\SYSTEM32\WSOCK32.dll
0x00007ffb2ae40000 - 0x00007ffb2ae63000 	C:\WINDOWS\SYSTEM32\WINMM.dll
0x00007ffb329b0000 - 0x00007ffb32a1c000 	C:\WINDOWS\System32\WS2_32.dll
0x00007ffb2adb0000 - 0x00007ffb2addb000 	C:\WINDOWS\SYSTEM32\winmmbase.dll
0x00007ffb2f710000 - 0x00007ffb2f759000 	C:\WINDOWS\System32\cfgmgr32.dll
0x000000005e990000 - 0x000000005e99f000 	C:\Program Files\Java\jdk1.7.0_45\jre\bin\verify.dll
0x000000005bc30000 - 0x000000005bc58000 	C:\Program Files\Java\jdk1.7.0_45\jre\bin\java.dll
0x0000000010000000 - 0x000000001000c000 	C:\Users\itc\AppData\Roaming\NetBeans\7.4\lib\deployed\jdk16\windows-amd64\profilerinterface.dll
0x000000005bc10000 - 0x000000005bc25000 	C:\Program Files\Java\jdk1.7.0_45\jre\bin\zip.dll
0x000000005bbf0000 - 0x000000005bc09000 	C:\Program Files\Java\jdk1.7.0_45\jre\bin\net.dll
0x00007ffb2ed80000 - 0x00007ffb2eddc000 	C:\WINDOWS\system32\mswsock.dll
0x000000005bbd0000 - 0x000000005bbe1000 	C:\Program Files\Java\jdk1.7.0_45\jre\bin\nio.dll
0x000000005e1a0000 - 0x000000005e1ab000 	C:\Program Files\Java\jdk1.7.0_45\jre\bin\management.dll
0x00007ffb2ef20000 - 0x00007ffb2ef37000 	C:\WINDOWS\SYSTEM32\CRYPTSP.dll
0x00007ffb2e9a0000 - 0x00007ffb2e9d4000 	C:\WINDOWS\system32\rsaenh.dll
0x00007ffb2f090000 - 0x00007ffb2f0b5000 	C:\WINDOWS\SYSTEM32\bcrypt.dll
0x00007ffb2f400000 - 0x00007ffb2f429000 	C:\WINDOWS\SYSTEM32\USERENV.dll
0x00007ffb2f560000 - 0x00007ffb2f575000 	C:\WINDOWS\System32\profapi.dll
0x00007ffb2ef40000 - 0x00007ffb2ef4b000 	C:\WINDOWS\SYSTEM32\CRYPTBASE.dll
0x00007ffb2a610000 - 0x00007ffb2a628000 	C:\WINDOWS\system32\NLAapi.dll
0x00007ffb21b00000 - 0x00007ffb21b16000 	C:\WINDOWS\system32\napinsp.dll
0x00007ffb204f0000 - 0x00007ffb2050a000 	C:\WINDOWS\system32\pnrpnsp.dll
0x00007ffb2eb60000 - 0x00007ffb2ec04000 	C:\WINDOWS\SYSTEM32\DNSAPI.dll
0x00007ffb30eb0000 - 0x00007ffb30eb8000 	C:\WINDOWS\System32\NSI.dll
0x00007ffb2eb20000 - 0x00007ffb2eb57000 	C:\WINDOWS\SYSTEM32\IPHLPAPI.DLL
0x00007ffb202d0000 - 0x00007ffb202de000 	C:\WINDOWS\System32\winrnr.dll
0x00007ffb2a0a0000 - 0x00007ffb2a0aa000 	C:\Windows\System32\rasadhlp.dll
0x00007ffb2a490000 - 0x00007ffb2a4fb000 	C:\WINDOWS\System32\fwpuclnt.dll
0x00007ffb29680000 - 0x00007ffb29829000 	C:\WINDOWS\SYSTEM32\dbghelp.dll

VM Arguments:
jvm_args: -Dfile.encoding=windows-1253 -Xmx512m -agentpath:C:/Users/itc/AppData/Roaming/NetBeans/7.4/lib/deployed/jdk16/windows-amd64/profilerinterface.dll=C:\Users\itc\AppData\Roaming\NetBeans\7.4\lib,5140,10 -XX:+HeapDumpOnOutOfMemoryError -XX:HeapDumpPath=C:\Users\itc\projects\tests\ThreadLocalObjectPool\nbproject\private\profiler 
java_command: gr.ait.tlop.DLPTest
Launcher Type: SUN_STANDARD

Environment Variables:
JAVA_HOME=C:\Program Files\Java\jdk1.7.0_45
PATH=C:\Program Files\Java\jre7\bin;C:\ProgramData\Oracle\Java\javapath;C:\Program Files\Common Files\Microsoft Shared\Windows Live;C:\Program Files (x86)\Common Files\Microsoft Shared\Windows Live;C:\Program Files (x86)\Intel\iCLS Client\;C:\Program Files\Intel\iCLS Client\;C:\WINDOWS\system32;C:\WINDOWS;C:\WINDOWS\System32\Wbem;C:\WINDOWS\System32\WindowsPowerShell\v1.0\;C:\Program Files\Intel\WiFi\bin\;C:\Program Files\Common Files\Intel\WirelessCommon\;C:\Program Files\ThinkPad\Bluetooth Software\;C:\Program Files\ThinkPad\Bluetooth Software\syswow64;C:\Program Files\Intel\Intel(R) Management Engine Components\DAL;C:\Program Files\Intel\Intel(R) Management Engine Components\IPT;C:\Program Files (x86)\Intel\Intel(R) Management Engine Components\DAL;C:\Program Files (x86)\Intel\Intel(R) Management Engine Components\IPT;C:\Program Files\Common Files\Lenovo;C:\Program Files (x86)\Windows Live\Shared;C:\SWTOOLS\ReadyApps;C:\Program Files (x86)\Symantec\VIP Access Client\;C:\Program Files (x86)\Common Files\Lenovo;C:\Program Files\MATLAB\R2009a\bin;C:\Program Files\MATLAB\R2009a\bin\win64;C:\Program Files (x86)\Lenovo\Access Connections\;C:\Program Files (x86)\Common Files\lenovo\easyplussdk\bin;C:\Program Files (x86)\Intel\OpenCL SDK\2.0\bin\x86;C:\Program Files (x86)\Intel\OpenCL SDK\2.0\bin\x64;C:\Program Files\TortoiseSVN\bin;C:\Program Files (x86)\Skype\Phone\;C:\WINDOWS\system32\config\systemprofile\.dnx\bin;C:\Program Files\Microsoft DNX\Dnvm\;C:\Program Files\Microsoft SQL Server\120\Tools\Binn\;C:\Program Files (x86)\Windows Kits\10\Windows Performance Toolkit\;C:\Program Files (x86)\nodejs\;C:\Program Files\Git\cmd;C:\Program Files\TortoiseGit\bin;C:\Program Files\gretl;C:\Users\itc\AppData\Roaming\npm;C:\Program Files\Intel\WiFi\bin\;C:\Program Files\Common Files\Intel\WirelessCommon\;C:\Users\itc\utils\apache-maven-3.3.9\bin;USERPROFILE\AppData\Local\Microsoft\WindowsApps;
USERNAME=itc
OS=Windows_NT
PROCESSOR_IDENTIFIER=Intel64 Family 6 Model 58 Stepping 9, GenuineIntel



---------------  S Y S T E M  ---------------

OS: Windows 8 , 64 bit Build 9200 

CPU:total 8 (4 cores per cpu, 2 threads per core) family 6 model 58 stepping 9, cmov, cx8, fxsr, mmx, sse, sse2, sse3, ssse3, sse4.1, sse4.2, popcnt, avx, aes, erms, ht, tsc, tscinvbit, tscinv

Memory: 4k page, physical 16466728k(10656576k free), swap 33243944k(22909852k free)

vm_info: Java HotSpot(TM) 64-Bit Server VM (24.45-b08) for windows-amd64 JRE (1.7.0_45-b18), built on Oct  8 2013 05:47:22 by "java_re" with unknown MS VC++:1600

time: Mon Jul 24 12:56:45 2017
elapsed time: 5 seconds

